<?xml version="1.0" encoding="UTF-8"?>
<testng-results ignored="0" total="4" passed="3" failed="1" skipped="0">
  <reporter-output>
  </reporter-output>
  <suite started-at="2025-10-05T19:31:58 IST" name="CDNL Automation" finished-at="2025-10-05T19:32:18 IST" duration-ms="19872">
    <groups>
    </groups>
    <test started-at="2025-10-05T19:31:58 IST" name="UI Automation" finished-at="2025-10-05T19:32:18 IST" duration-ms="19872">
      <class name="com.ui.tests.SupportTest">
        <test-method is-config="true" signature="setUp()[pri:0, instance:com.ui.tests.SupportTest@6cce16f4]" started-at="2025-10-05T19:31:59 IST" name="setUp" description="Load the browser and open the website" finished-at="2025-10-05T19:32:02 IST" duration-ms="3759" status="PASS">
          <reporter-output>
          </reporter-output>
        </test-method> <!-- setUp -->
        <test-method signature="supportCreation()[pri:0, instance:com.ui.tests.SupportTest@6cce16f4]" started-at="2025-10-05T19:32:02 IST" name="supportCreation" description="Verify the support creation" finished-at="2025-10-05T19:32:14 IST" duration-ms="11650" status="PASS">
          <reporter-output>
          </reporter-output>
        </test-method> <!-- supportCreation -->
        <test-method is-config="true" signature="teardown()[pri:0, instance:com.ui.tests.SupportTest@6cce16f4]" started-at="2025-10-05T19:32:14 IST" name="teardown" finished-at="2025-10-05T19:32:14 IST" duration-ms="309" status="PASS">
          <reporter-output>
          </reporter-output>
        </test-method> <!-- teardown -->
      </class> <!-- com.ui.tests.SupportTest -->
      <class name="com.ui.tests.MachineTest">
        <test-method is-config="true" signature="setUp()[pri:0, instance:com.ui.tests.MachineTest@6af9fcb2]" started-at="2025-10-05T19:31:59 IST" name="setUp" description="Load the browser and open the website" finished-at="2025-10-05T19:32:04 IST" duration-ms="4952" status="PASS">
          <reporter-output>
          </reporter-output>
        </test-method> <!-- setUp -->
        <test-method signature="machineTest()[pri:0, instance:com.ui.tests.MachineTest@6af9fcb2]" started-at="2025-10-05T19:32:04 IST" name="machineTest" description="Verify the machine order requests" finished-at="2025-10-05T19:32:18 IST" duration-ms="14211" status="FAIL">
          <exception class="java.lang.AssertionError">
            <message>
              <![CDATA[expected [Request confirmed] but found [Aanvraag bevestigd!]]]>
            </message>
            <full-stacktrace>
              <![CDATA[java.lang.AssertionError: expected [Request confirmed] but found [Aanvraag bevestigd!]
at org.testng.Assert.fail(Assert.java:111)
at org.testng.Assert.failNotEquals(Assert.java:1578)
at org.testng.Assert.assertEqualsImpl(Assert.java:150)
at org.testng.Assert.assertEquals(Assert.java:132)
at org.testng.Assert.assertEquals(Assert.java:656)
at org.testng.Assert.assertEquals(Assert.java:666)
at com.ui.tests.MachineTest.machineTest(MachineTest.java:19)
at java.base/jdk.internal.reflect.NativeMethodAccessorImpl.invoke0(Native Method)
at java.base/jdk.internal.reflect.NativeMethodAccessorImpl.invoke(NativeMethodAccessorImpl.java:77)
at java.base/jdk.internal.reflect.DelegatingMethodAccessorImpl.invoke(DelegatingMethodAccessorImpl.java:43)
at java.base/java.lang.reflect.Method.invoke(Method.java:568)
at org.testng.internal.invokers.MethodInvocationHelper.invokeMethod(MethodInvocationHelper.java:139)
at org.testng.internal.invokers.TestInvoker.invokeMethod(TestInvoker.java:664)
at org.testng.internal.invokers.TestInvoker.invokeTestMethod(TestInvoker.java:227)
at org.testng.internal.invokers.MethodRunner.runInSequence(MethodRunner.java:50)
at org.testng.internal.invokers.TestInvoker$MethodInvocationAgent.invoke(TestInvoker.java:957)
at org.testng.internal.invokers.TestInvoker.invokeTestMethods(TestInvoker.java:200)
at org.testng.internal.invokers.TestMethodWorker.invokeTestMethods(TestMethodWorker.java:148)
at org.testng.internal.invokers.TestMethodWorker.run(TestMethodWorker.java:128)
at java.base/java.util.concurrent.ThreadPoolExecutor.runWorker(ThreadPoolExecutor.java:1136)
at java.base/java.util.concurrent.ThreadPoolExecutor$Worker.run(ThreadPoolExecutor.java:635)
at java.base/java.lang.Thread.run(Thread.java:842)
]]>
            </full-stacktrace>
          </exception> <!-- java.lang.AssertionError -->
          <reporter-output>
          </reporter-output>
        </test-method> <!-- machineTest -->
        <test-method is-config="true" signature="teardown()[pri:0, instance:com.ui.tests.MachineTest@6af9fcb2]" started-at="2025-10-05T19:32:18 IST" name="teardown" finished-at="2025-10-05T19:32:18 IST" duration-ms="345" status="PASS">
          <reporter-output>
          </reporter-output>
        </test-method> <!-- teardown -->
      </class> <!-- com.ui.tests.MachineTest -->
      <class name="com.ui.tests.LogoutTest">
        <test-method is-config="true" signature="setUp()[pri:0, instance:com.ui.tests.LogoutTest@1869fbd2]" started-at="2025-10-05T19:31:59 IST" name="setUp" description="Load the browser and open the website" finished-at="2025-10-05T19:32:04 IST" duration-ms="4953" status="PASS">
          <reporter-output>
          </reporter-output>
        </test-method> <!-- setUp -->
        <test-method signature="logout()[pri:0, instance:com.ui.tests.LogoutTest@1869fbd2]" started-at="2025-10-05T19:32:04 IST" name="logout" description="Verify the logout scenario" finished-at="2025-10-05T19:32:12 IST" duration-ms="8895" status="PASS">
          <reporter-output>
          </reporter-output>
        </test-method> <!-- logout -->
        <test-method is-config="true" signature="teardown()[pri:0, instance:com.ui.tests.LogoutTest@1869fbd2]" started-at="2025-10-05T19:32:12 IST" name="teardown" finished-at="2025-10-05T19:32:13 IST" duration-ms="346" status="PASS">
          <reporter-output>
          </reporter-output>
        </test-method> <!-- teardown -->
      </class> <!-- com.ui.tests.LogoutTest -->
      <class name="com.ui.tests.LoginTest">
        <test-method is-config="true" signature="setUp()[pri:0, instance:com.ui.tests.LoginTest@2f67b837]" started-at="2025-10-05T19:31:59 IST" name="setUp" description="Load the browser and open the website" finished-at="2025-10-05T19:32:04 IST" duration-ms="4954" status="PASS">
          <reporter-output>
          </reporter-output>
        </test-method> <!-- setUp -->
        <test-method signature="loginTest()[pri:0, instance:com.ui.tests.LoginTest@2f67b837]" started-at="2025-10-05T19:32:04 IST" name="loginTest" description="Verify the login scenario" finished-at="2025-10-05T19:32:09 IST" duration-ms="5329" status="PASS">
          <reporter-output>
          </reporter-output>
        </test-method> <!-- loginTest -->
        <test-method is-config="true" signature="teardown()[pri:0, instance:com.ui.tests.LoginTest@2f67b837]" started-at="2025-10-05T19:32:09 IST" name="teardown" finished-at="2025-10-05T19:32:09 IST" duration-ms="282" status="PASS">
          <reporter-output>
          </reporter-output>
        </test-method> <!-- teardown -->
      </class> <!-- com.ui.tests.LoginTest -->
    </test> <!-- UI Automation -->
  </suite> <!-- CDNL Automation -->
</testng-results>
